Using pre-set license
Built from '2020.3/staging' branch; Version is '2020.3.9f1 (108be757e447) revision 1084391'; Using compiler version '192528614'; Build Type 'Release'
OS: 'Windows 10 Pro; OS build 19042.1083; Version 2009; 64bit' Language: 'en' Physical Memory: 16221 MB
BatchMode: 1, IsHumanControllingUs: 0, StartBugReporterOnCrash: 0, Is64bit: 1, IsPro: 0

 COMMAND LINE ARGUMENTS:
C:\Program Files\Unity\2020.3.9f1\Editor\Unity.exe
-adb2
-batchMode
-noUpm
-name
AssetImportWorker0
-projectPath
D:/ProjeDosyalari/UnityProjects/mrSimpleSirDemo
-logFile
Logs/AssetImportWorker0.log
-srvPort
52835
Successfully changed project path to: D:/ProjeDosyalari/UnityProjects/mrSimpleSirDemo
D:/ProjeDosyalari/UnityProjects/mrSimpleSirDemo
Using Asset Import Pipeline V2.
Refreshing native plugins compatible for Editor in 31.06 ms, found 0 plugins.
Preloading 0 native plugins for Editor in 0.00 ms.
Initialize engine version: 2020.3.9f1 (108be757e447)
[Subsystems] Discovering subsystems at path C:/Program Files/Unity/2020.3.9f1/Editor/Data/Resources/UnitySubsystems
[Subsystems] Discovering subsystems at path D:/ProjeDosyalari/UnityProjects/mrSimpleSirDemo/Assets
GfxDevice: creating device client; threaded=0
Direct3D:
    Version:  Direct3D 11.0 [level 11.1]
    Renderer: NVIDIA GeForce GTX 1650 Ti (ID=0x1f95)
    Vendor:   
    VRAM:     3962 MB
    Driver:   27.21.14.6242
Initialize mono
Mono path[0] = 'C:/Program Files/Unity/2020.3.9f1/Editor/Data/Managed'
Mono path[1] = 'C:/Program Files/Unity/2020.3.9f1/Editor/Data/MonoBleedingEdge/lib/mono/unityjit'
Mono config path = 'C:/Program Files/Unity/2020.3.9f1/Editor/Data/MonoBleedingEdge/etc'
Using monoOptions --debugger-agent=transport=dt_socket,embedding=1,server=y,suspend=n,address=127.0.0.1:56136
Begin MonoManager ReloadAssembly
Registering precompiled unity dll's ...
Register platform support module: C:/Program Files/Unity/2020.3.9f1/Editor/Data/PlaybackEngines/WebGLSupport/UnityEditor.WebGL.Extensions.dll
Register platform support module: C:/Program Files/Unity/2020.3.9f1/Editor/Data/PlaybackEngines/WindowsStandaloneSupport/UnityEditor.WindowsStandalone.Extensions.dll
Registered in 0.001901 seconds.
Native extension for WindowsStandalone target not found
Native extension for WebGL target not found
Refreshing native plugins compatible for Editor in 26.10 ms, found 0 plugins.
Preloading 0 native plugins for Editor in 0.00 ms.
Mono: successfully reloaded assembly
- Completed reload, in  1.086 seconds
Platform modules already initialized, skipping
Registering precompiled user dll's ...
Registered in 0.001069 seconds.
Begin MonoManager ReloadAssembly
Native extension for WindowsStandalone target not found
Native extension for WebGL target not found
Refreshing native plugins compatible for Editor in 0.23 ms, found 0 plugins.
Preloading 0 native plugins for Editor in 0.00 ms.
Mono: successfully reloaded assembly
- Completed reload, in  0.840 seconds
Platform modules already initialized, skipping
========================================================================
Worker process is ready to serve import requests
Launched and connected shader compiler UnityShaderCompiler.exe after 0.04 seconds
Refreshing native plugins compatible for Editor in 0.25 ms, found 0 plugins.
Preloading 0 native plugins for Editor in 0.00 ms.
Unloading 1164 Unused Serialized files (Serialized files now loaded: 0)
System memory in use before: 60.2 MB.
System memory in use after: 60.3 MB.

Unloading 12 unused Assets to reduce memory usage. Loaded Objects now: 1610.
Total: 1.417000 ms (FindLiveObjects: 0.147500 ms CreateObjectMapping: 0.045100 ms MarkObjects: 1.173700 ms  DeleteObjects: 0.049800 ms)

========================================================================
Received Import Request.
  path: Assets/Art/Materials/CollectibleMat.mat
  artifactKey: Guid(76ff29a582b2e734ba4f054aee65b129) Importer(815301076,1909f56bfc062723c751e8b465ee728b)
Start importing Assets/Art/Materials/CollectibleMat.mat using Guid(76ff29a582b2e734ba4f054aee65b129) Importer(815301076,1909f56bfc062723c751e8b465ee728b)  -> (artifact id: 'f56e874eedef81d55f12b2533293b31d') in 0.095443 seconds
  Import took 0.097502 seconds .

========================================================================
Received Import Request.
  Time since last request: 0.000244 seconds.
  path: Assets/Art/Materials/PlayerBodyMat.mat
  artifactKey: Guid(86114748fc3bbd24e887e2ab76d3a032) Importer(815301076,1909f56bfc062723c751e8b465ee728b)
Start importing Assets/Art/Materials/PlayerBodyMat.mat using Guid(86114748fc3bbd24e887e2ab76d3a032) Importer(815301076,1909f56bfc062723c751e8b465ee728b)  -> (artifact id: '03c16f53dc6ae8dbb014a1e8440d7aa5') in 0.017915 seconds
  Import took 0.020462 seconds .

========================================================================
Received Import Request.
  Time since last request: 0.000217 seconds.
  path: Assets/Art/Materials/FloorMat.mat
  artifactKey: Guid(1f9df906fde512e498197fafaae8ff06) Importer(815301076,1909f56bfc062723c751e8b465ee728b)
Start importing Assets/Art/Materials/FloorMat.mat using Guid(1f9df906fde512e498197fafaae8ff06) Importer(815301076,1909f56bfc062723c751e8b465ee728b)  -> (artifact id: '24d292e7b1d0e791839a1baa79212673') in 0.015115 seconds
  Import took 0.017419 seconds .

========================================================================
Received Import Request.
  Time since last request: 0.000171 seconds.
  path: Assets/Art/Materials/CollectibleHoloMat.mat
  artifactKey: Guid(9c2c35647f627e44baabab470694e880) Importer(815301076,1909f56bfc062723c751e8b465ee728b)
Start importing Assets/Art/Materials/CollectibleHoloMat.mat using Guid(9c2c35647f627e44baabab470694e880) Importer(815301076,1909f56bfc062723c751e8b465ee728b)  -> (artifact id: '4b37a03dfae5806d898f3b454a1a95ed') in 0.015148 seconds
  Import took 0.017332 seconds .

========================================================================
Received Import Request.
  Time since last request: 0.000269 seconds.
  path: Assets/Art/Materials/WallMat.mat
  artifactKey: Guid(e3e8482889ccfaf489df2b231cdc6bc0) Importer(815301076,1909f56bfc062723c751e8b465ee728b)
Start importing Assets/Art/Materials/WallMat.mat using Guid(e3e8482889ccfaf489df2b231cdc6bc0) Importer(815301076,1909f56bfc062723c751e8b465ee728b)  -> (artifact id: '31b2bcbe9c475b3da3db465c055bfdd8') in 0.014063 seconds
  Import took 0.017926 seconds .

========================================================================
Received Import Request.
  Time since last request: 0.000171 seconds.
  path: Assets/Art/Materials/PlayerHeadMat.mat
  artifactKey: Guid(6a7fcd5a826ff9841befab33e08f9a34) Importer(815301076,1909f56bfc062723c751e8b465ee728b)
Start importing Assets/Art/Materials/PlayerHeadMat.mat using Guid(6a7fcd5a826ff9841befab33e08f9a34) Importer(815301076,1909f56bfc062723c751e8b465ee728b)  -> (artifact id: '210a741cf4d7bd145210b174406d6bca') in 0.016239 seconds
  Import took 0.018484 seconds .

========================================================================
Received Import Request.
  Time since last request: 126.248622 seconds.
  path: Assets/New Physic Material.physicMaterial
  artifactKey: Guid(ca0e071b61a70c14da06f2d8827ddf31) Importer(815301076,1909f56bfc062723c751e8b465ee728b)
Start importing Assets/New Physic Material.physicMaterial using Guid(ca0e071b61a70c14da06f2d8827ddf31) Importer(815301076,1909f56bfc062723c751e8b465ee728b)  -> (artifact id: 'dd9f3ce01274d5d9e3f92187cd0189c2') in 0.011052 seconds
  Import took 0.013796 seconds .

========================================================================
Received Import Request.
  Time since last request: 26.241145 seconds.
  path: Assets/Misc
  artifactKey: Guid(c8b6e2945250ccc46be3ee4ddf3189fd) Importer(815301076,1909f56bfc062723c751e8b465ee728b)
Start importing Assets/Misc using Guid(c8b6e2945250ccc46be3ee4ddf3189fd) Importer(815301076,1909f56bfc062723c751e8b465ee728b)  -> (artifact id: '650c9b832338a6aa392ffc2b8b5391b4') in 0.007155 seconds
  Import took 0.010285 seconds .

========================================================================
Received Import Request.
  Time since last request: 4.371402 seconds.
  path: Assets/Other
  artifactKey: Guid(c8b6e2945250ccc46be3ee4ddf3189fd) Importer(815301076,1909f56bfc062723c751e8b465ee728b)
Start importing Assets/Other using Guid(c8b6e2945250ccc46be3ee4ddf3189fd) Importer(815301076,1909f56bfc062723c751e8b465ee728b)  -> (artifact id: 'bf1cd7672757a3f8bf5b3f41e3a0da08') in 0.005431 seconds
  Import took 0.008411 seconds .

========================================================================
Received Prepare
Registering precompiled user dll's ...
Registered in 0.001651 seconds.
Begin MonoManager ReloadAssembly
Native extension for WindowsStandalone target not found
Native extension for WebGL target not found
Refreshing native plugins compatible for Editor in 0.23 ms, found 0 plugins.
Preloading 0 native plugins for Editor in 0.00 ms.
Mono: successfully reloaded assembly
- Completed reload, in  0.782 seconds
Platform modules already initialized, skipping
Switching build target platform(19) subTarget(0) extendedPlatform(0) -> platform(13) subTarget(537395200) extendedPlatform(0)
Refreshing native plugins compatible for Editor in 0.23 ms, found 0 plugins.
Preloading 0 native plugins for Editor in 0.00 ms.
Unloading 1148 Unused Serialized files (Serialized files now loaded: 0)
System memory in use before: 61.8 MB.
System memory in use after: 61.9 MB.

Unloading 7 unused Assets to reduce memory usage. Loaded Objects now: 1653.
Total: 1.295700 ms (FindLiveObjects: 0.108500 ms CreateObjectMapping: 0.028500 ms MarkObjects: 1.147500 ms  DeleteObjects: 0.010400 ms)

AssetImportParameters requested are different than current active one (requested -> active):
  custom:graphics/normal-map-encoding: 01000000000000000000000000000000 -> 02000000000000000000000000000000
========================================================================
Received Prepare
Refreshing native plugins compatible for Editor in 1.06 ms, found 0 plugins.
Preloading 0 native plugins for Editor in 0.00 ms.
Unloading 5 Unused Serialized files (Serialized files now loaded: 0)
System memory in use before: 39.2 MB.
System memory in use after: 39.3 MB.

Unloading 5 unused Assets to reduce memory usage. Loaded Objects now: 1653.
Total: 2.019300 ms (FindLiveObjects: 0.159800 ms CreateObjectMapping: 0.032100 ms MarkObjects: 1.796700 ms  DeleteObjects: 0.008600 ms)

========================================================================
Received Prepare
Refreshing native plugins compatible for Editor in 0.96 ms, found 0 plugins.
Preloading 0 native plugins for Editor in 0.00 ms.
Unloading 5 Unused Serialized files (Serialized files now loaded: 0)
System memory in use before: 39.2 MB.
System memory in use after: 39.3 MB.

Unloading 5 unused Assets to reduce memory usage. Loaded Objects now: 1653.
Total: 1.307500 ms (FindLiveObjects: 0.112100 ms CreateObjectMapping: 0.031800 ms MarkObjects: 1.133600 ms  DeleteObjects: 0.029400 ms)

========================================================================
Received Prepare
Registering precompiled user dll's ...
Registered in 0.001218 seconds.
Begin MonoManager ReloadAssembly
Native extension for WindowsStandalone target not found
Native extension for WebGL target not found
Refreshing native plugins compatible for Editor in 0.29 ms, found 0 plugins.
Preloading 0 native plugins for Editor in 0.00 ms.
Mono: successfully reloaded assembly
- Completed reload, in  0.712 seconds
Platform modules already initialized, skipping
Switching build target platform(19) subTarget(0) extendedPlatform(0) -> platform(13) subTarget(537395200) extendedPlatform(0)
Refreshing native plugins compatible for Editor in 0.24 ms, found 0 plugins.
Preloading 0 native plugins for Editor in 0.00 ms.
Unloading 1148 Unused Serialized files (Serialized files now loaded: 0)
System memory in use before: 61.9 MB.
System memory in use after: 62.0 MB.

Unloading 7 unused Assets to reduce memory usage. Loaded Objects now: 1656.
Total: 1.435800 ms (FindLiveObjects: 0.115100 ms CreateObjectMapping: 0.031400 ms MarkObjects: 1.278300 ms  DeleteObjects: 0.010400 ms)

AssetImportParameters requested are different than current active one (requested -> active):
  custom:graphics/normal-map-encoding: 01000000000000000000000000000000 -> 02000000000000000000000000000000
AssetImportWorkerClient::OnTransportError - code=2 error=End of file
